{
  "stats": {
    "suites": 1,
    "tests": 1,
    "passes": 1,
    "pending": 0,
    "failures": 0,
    "start": "2025-04-25T15:34:24.037Z",
    "end": "2025-04-25T15:34:31.290Z",
    "duration": 7253,
    "testsRegistered": 1,
    "passPercent": 100,
    "pendingPercent": 0,
    "other": 0,
    "hasOther": false,
    "skipped": 0,
    "hasSkipped": false
  },
  "results": [
    {
      "uuid": "369541db-33ef-478c-8f75-c259abef59ab",
      "title": "",
      "fullFile": "cypress/e2e/RahulShetty/Test4.cy.js",
      "file": "cypress/e2e/RahulShetty/Test4.cy.js",
      "beforeHooks": [],
      "afterHooks": [],
      "tests": [],
      "suites": [
        {
          "uuid": "921087f5-933d-422e-9897-22d19f3da6e8",
          "title": "Tables",
          "fullFile": "",
          "file": "",
          "beforeHooks": [],
          "afterHooks": [],
          "tests": [
            {
              "title": "Web tables",
              "fullTitle": "Tables Web tables",
              "timedOut": null,
              "duration": 4791,
              "state": "passed",
              "speed": "fast",
              "pass": true,
              "fail": false,
              "pending": false,
              "context": null,
              "code": "cy.visit(\"https://rahulshettyacademy.com/AutomationPractice/\");\ncy.get(\"table[name='courses']>tbody>tr>td:nth-child(2)\").each(($row, index, $rows) => {\n  const text = $row.text();\n  if (text.includes(\"Python\")) {\n    cy.get(\"table[name='courses']>tbody>tr>td:nth-child(2)\").eq(index).next().then((price) => {\n      const priceText = price.text();\n      expect(priceText).to.equal(\"25\");\n    });\n  }\n});",
              "err": {},
              "uuid": "c3516a38-7938-468c-87f7-3196afbcdfb5",
              "parentUUID": "921087f5-933d-422e-9897-22d19f3da6e8",
              "isHook": false,
              "skipped": false
            }
          ],
          "suites": [],
          "passes": [
            "c3516a38-7938-468c-87f7-3196afbcdfb5"
          ],
          "failures": [],
          "pending": [],
          "skipped": [],
          "duration": 4791,
          "root": false,
          "rootEmpty": false,
          "_timeout": 2000
        }
      ],
      "passes": [],
      "failures": [],
      "pending": [],
      "skipped": [],
      "duration": 0,
      "root": true,
      "rootEmpty": true,
      "_timeout": 2000
    }
  ],
  "meta": {
    "mocha": {
      "version": "7.0.1"
    },
    "mochawesome": {
      "options": {
        "quiet": false,
        "reportFilename": "mochawesome",
        "saveHtml": false,
        "saveJson": true,
        "consoleReporter": "spec",
        "useInlineDiffs": false,
        "code": true
      },
      "version": "7.1.3"
    },
    "marge": {
      "options": {
        "overwrite": false,
        "html": false,
        "json": true,
        "reportDir": "cypress/reports/html/.jsons"
      },
      "version": "6.2.0"
    }
  }
}