{
  "stats": {
    "suites": 1,
    "tests": 1,
    "passes": 0,
    "pending": 7,
    "failures": -6,
    "start": "2025-04-28T16:34:11.374Z",
    "end": "2025-04-28T16:34:11.427Z",
    "duration": 53,
    "testsRegistered": 7,
    "passPercent": null,
    "pendingPercent": 100,
    "other": 6,
    "hasOther": true,
    "skipped": 0,
    "hasSkipped": false
  },
  "results": [
    {
      "uuid": "c799465f-4ee3-48f9-bb21-59655d0d5b7a",
      "title": "",
      "fullFile": "cypress/e2e/RahulShetty/syllabus/Test3.cy.js",
      "file": "cypress/e2e/RahulShetty/syllabus/Test3.cy.js",
      "beforeHooks": [],
      "afterHooks": [],
      "tests": [],
      "suites": [
        {
          "uuid": "eb3e1065-6111-4b8b-8e9a-8158f1f417d2",
          "title": "Checkbox validations",
          "fullFile": "",
          "file": "",
          "beforeHooks": [],
          "afterHooks": [],
          "tests": [
            {
              "title": "Checkbox validations",
              "fullTitle": "Checkbox validations Checkbox validations",
              "timedOut": null,
              "duration": 0,
              "state": "pending",
              "speed": null,
              "pass": false,
              "fail": false,
              "pending": true,
              "context": null,
              "code": "cy.get(\"#checkBoxOption1\").check();\ncy.get(\"#checkBoxOption1\").should(\"be.checked\");\ncy.get(\"#checkBoxOption1\").should(\"have.value\", \"option1\");\n//if we want to make it 1 line\n//cy.get(\"#checkBoxOption1\").check().should(\"be.checked\").should(\"have.value\",\"option1\")\ncy.get(\"#checkBoxOption1\").uncheck().should(\"not.be.checked\");\ncy.get(\"input[type='checkbox'\").check([\"option1\", 'option2']); // checking multiple checkbox using checkbox value property.",
              "err": {},
              "uuid": "abecb4fb-8745-4b78-814c-ed786cb3286e",
              "parentUUID": "eb3e1065-6111-4b8b-8e9a-8158f1f417d2",
              "isHook": false,
              "skipped": false
            },
            {
              "title": "Static Dropdowns",
              "fullTitle": "Checkbox validations Static Dropdowns",
              "timedOut": null,
              "duration": 0,
              "state": "pending",
              "speed": null,
              "pass": false,
              "fail": false,
              "pending": true,
              "context": null,
              "code": "cy.visit(\"https://rahulshettyacademy.com/AutomationPractice/\");\n//Static dropdowns tag is \"select\"\ncy.get(\"select\").select(\"option2\").should(\"have.value\", \"option2\");",
              "err": {},
              "uuid": "7712cf01-a719-44a4-b3e3-16adeeff673f",
              "parentUUID": "eb3e1065-6111-4b8b-8e9a-8158f1f417d2",
              "isHook": false,
              "skipped": false
            },
            {
              "title": "Dynamic Dropdowns",
              "fullTitle": "Checkbox validations Dynamic Dropdowns",
              "timedOut": null,
              "duration": 0,
              "state": "pending",
              "speed": null,
              "pass": false,
              "fail": false,
              "pending": true,
              "context": null,
              "code": "cy.visit(\"https://rahulshettyacademy.com/AutomationPractice/\");\n//Static dropdowns tag is \"select\"\ncy.get(\"#autocomplete\").type(\"ca\"); //we expanded the dynamic dropdown\ncy.get(\".ui-menu-item div\").each(function ($el, index, $list) {\n  //we found the smallest element and iterate that element's text to find what we search for\n  if ($el.text() === \"Canada\") {\n    $el.click();\n  }\n});\ncy.get(\"#autocomplete\").should(\"have.value\", \"Canada\");",
              "err": {},
              "uuid": "579c3db3-da0b-4f4e-8efa-94384e6976c4",
              "parentUUID": "eb3e1065-6111-4b8b-8e9a-8158f1f417d2",
              "isHook": false,
              "skipped": false
            },
            {
              "title": "Visible and Invisible Elements",
              "fullTitle": "Checkbox validations Visible and Invisible Elements",
              "timedOut": null,
              "duration": 0,
              "state": "pending",
              "speed": null,
              "pass": false,
              "fail": false,
              "pending": true,
              "context": null,
              "code": "cy.visit(\"https://rahulshettyacademy.com/AutomationPractice/\");\ncy.get(\"#displayed-text\").then(function ($textbox) {\n  if ($textbox.is(\":visible\")) {\n    cy.get(\"#hide-textbox\").click();\n  } else {\n    cy.get(\"#show-textbox\").click();\n  }\n});",
              "err": {},
              "uuid": "97d2826e-b558-41a9-be04-a2511a3c8856",
              "parentUUID": "eb3e1065-6111-4b8b-8e9a-8158f1f417d2",
              "isHook": false,
              "skipped": false
            },
            {
              "title": "Radio Buttons",
              "fullTitle": "Checkbox validations Radio Buttons",
              "timedOut": null,
              "duration": 0,
              "state": "pending",
              "speed": null,
              "pass": false,
              "fail": false,
              "pending": true,
              "context": null,
              "code": "cy.visit(\"https://rahulshettyacademy.com/AutomationPractice/\");\ncy.get(\"[value='radio2']\").check().should(\"be.checked\");",
              "err": {},
              "uuid": "c6b2ddd1-3c2b-4213-b89b-8bc19a20310a",
              "parentUUID": "eb3e1065-6111-4b8b-8e9a-8158f1f417d2",
              "isHook": false,
              "skipped": false
            },
            {
              "title": "Alerts, and pop up windows",
              "fullTitle": "Checkbox validations Alerts, and pop up windows",
              "timedOut": null,
              "duration": 0,
              "state": "pending",
              "speed": null,
              "pass": false,
              "fail": false,
              "pending": true,
              "context": null,
              "code": "cy.visit(\"https://rahulshettyacademy.com/AutomationPractice/\");\ncy.get(\"#alertbtn\").click();\ncy.get(\"#confirmbtn\").click();\n//window:alert\ncy.on(\"window:alert\", function (string) {\n  expect(string).to.equal(\"Hello , share this practice page and share your knowledge\");\n});\n//window:confirm\ncy.on(\"window:confirm\", function (string) {\n  expect(string).to.equal(\"Hello , Are you sure you want to confirm?\");\n});",
              "err": {},
              "uuid": "a05523b1-64cf-4e08-b6d2-4d47286693e6",
              "parentUUID": "eb3e1065-6111-4b8b-8e9a-8158f1f417d2",
              "isHook": false,
              "skipped": false
            },
            {
              "title": "Child tab combinations",
              "fullTitle": "Checkbox validations Child tab combinations",
              "timedOut": null,
              "duration": 0,
              "state": "pending",
              "speed": null,
              "pass": false,
              "fail": false,
              "pending": true,
              "context": null,
              "code": "cy.visit(\"https://rahulshettyacademy.com/AutomationPractice/\");\n//Target  attribute fire the new tab when you click on a link\n//We removed the target attribute and forced to webpage open the new page in the same tab\ncy.get(\"#opentab\").invoke('removeAttr', 'target').click();\ncy.wait(3000);\ncy.url().should('include', 'qaclickacademy');\n//cy.go('back')",
              "err": {},
              "uuid": "fa85db9a-4509-421d-9531-7e574e9b891b",
              "parentUUID": "eb3e1065-6111-4b8b-8e9a-8158f1f417d2",
              "isHook": false,
              "skipped": false
            }
          ],
          "suites": [],
          "passes": [],
          "failures": [],
          "pending": [
            "abecb4fb-8745-4b78-814c-ed786cb3286e",
            "7712cf01-a719-44a4-b3e3-16adeeff673f",
            "579c3db3-da0b-4f4e-8efa-94384e6976c4",
            "97d2826e-b558-41a9-be04-a2511a3c8856",
            "c6b2ddd1-3c2b-4213-b89b-8bc19a20310a",
            "a05523b1-64cf-4e08-b6d2-4d47286693e6",
            "fa85db9a-4509-421d-9531-7e574e9b891b"
          ],
          "skipped": [],
          "duration": 0,
          "root": false,
          "rootEmpty": false,
          "_timeout": 2000
        }
      ],
      "passes": [],
      "failures": [],
      "pending": [],
      "skipped": [],
      "duration": 0,
      "root": true,
      "rootEmpty": true,
      "_timeout": 2000
    }
  ],
  "meta": {
    "mocha": {
      "version": "7.0.1"
    },
    "mochawesome": {
      "options": {
        "quiet": false,
        "reportFilename": "mochawesome",
        "saveHtml": false,
        "saveJson": true,
        "consoleReporter": "spec",
        "useInlineDiffs": false,
        "code": true
      },
      "version": "7.1.3"
    },
    "marge": {
      "options": {
        "overwrite": false,
        "html": false,
        "json": true,
        "reportDir": "cypress/reports/html/.jsons"
      },
      "version": "6.2.0"
    }
  }
}