{
  "stats": {
    "suites": 1,
    "tests": 1,
    "passes": 1,
    "pending": 0,
    "failures": 0,
    "start": "2025-04-25T15:36:27.488Z",
    "end": "2025-04-25T15:36:36.291Z",
    "duration": 8803,
    "testsRegistered": 1,
    "passPercent": 100,
    "pendingPercent": 0,
    "other": 0,
    "hasOther": false,
    "skipped": 0,
    "hasSkipped": false
  },
  "results": [
    {
      "uuid": "c83a6f65-bcd6-4aac-a9b1-33f430e3ffb7",
      "title": "",
      "fullFile": "cypress/e2e/personalProjects/CSSLocators.cy.js",
      "file": "cypress/e2e/personalProjects/CSSLocators.cy.js",
      "beforeHooks": [],
      "afterHooks": [],
      "tests": [],
      "suites": [
        {
          "uuid": "36c75b8c-43c2-4626-a3d4-e54d354a6826",
          "title": "CSSLocators",
          "fullFile": "",
          "file": "",
          "beforeHooks": [],
          "afterHooks": [],
          "tests": [
            {
              "title": "cssLocators",
              "fullTitle": "CSSLocators cssLocators",
              "timedOut": null,
              "duration": 5143,
              "state": "passed",
              "speed": "medium",
              "pass": true,
              "fail": false,
              "pending": false,
              "context": null,
              "code": "cy.visit(\"http://www.automationpractice.pl/index.php\");\ncy.get(\"#search_query_top\").type(\"T-Shirts\");\ncy.get(\"[name='submit_search']\").click();\ncy.get(\".lighter\").contains(\"T-Shirts\");",
              "err": {},
              "uuid": "b17e9ce6-e76a-443f-b6ab-60d3d4b9be5e",
              "parentUUID": "36c75b8c-43c2-4626-a3d4-e54d354a6826",
              "isHook": false,
              "skipped": false
            }
          ],
          "suites": [],
          "passes": [
            "b17e9ce6-e76a-443f-b6ab-60d3d4b9be5e"
          ],
          "failures": [],
          "pending": [],
          "skipped": [],
          "duration": 5143,
          "root": false,
          "rootEmpty": false,
          "_timeout": 2000
        }
      ],
      "passes": [],
      "failures": [],
      "pending": [],
      "skipped": [],
      "duration": 0,
      "root": true,
      "rootEmpty": true,
      "_timeout": 2000
    }
  ],
  "meta": {
    "mocha": {
      "version": "7.0.1"
    },
    "mochawesome": {
      "options": {
        "quiet": false,
        "reportFilename": "mochawesome",
        "saveHtml": false,
        "saveJson": true,
        "consoleReporter": "spec",
        "useInlineDiffs": false,
        "code": true
      },
      "version": "7.1.3"
    },
    "marge": {
      "options": {
        "overwrite": false,
        "html": false,
        "json": true,
        "reportDir": "cypress/reports/html/.jsons"
      },
      "version": "6.2.0"
    }
  }
}