{
  "stats": {
    "suites": 1,
    "tests": 1,
    "passes": 1,
    "pending": 0,
    "failures": 0,
    "start": "2025-04-25T15:34:08.168Z",
    "end": "2025-04-25T15:34:17.942Z",
    "duration": 9774,
    "testsRegistered": 1,
    "passPercent": 100,
    "pendingPercent": 0,
    "other": 0,
    "hasOther": false,
    "skipped": 0,
    "hasSkipped": false
  },
  "results": [
    {
      "uuid": "996c90af-5a2a-4d87-85df-eac7551da1bb",
      "title": "",
      "fullFile": "cypress/e2e/RahulShetty/Test2.cy.js",
      "file": "cypress/e2e/RahulShetty/Test2.cy.js",
      "beforeHooks": [],
      "afterHooks": [],
      "tests": [],
      "suites": [
        {
          "uuid": "a7dca2ae-7648-406f-b134-bd1b79cf0456",
          "title": "My First Test Suite",
          "fullFile": "",
          "file": "",
          "beforeHooks": [],
          "afterHooks": [],
          "tests": [
            {
              "title": "My First test Case",
              "fullTitle": "My First Test Suite My First test Case",
              "timedOut": null,
              "duration": 7463,
              "state": "passed",
              "speed": "medium",
              "pass": true,
              "fail": false,
              "pending": false,
              "context": null,
              "code": "cy.visit(\"https://rahulshettyacademy.com/seleniumPractise/#/\");\ncy.wait(2e3);\ncy.get(\"input[type='search']\").type(\"ca\");\ncy.get(\".products\").as(\"productLocator\");\ncy.get(\"@productLocator\").find(\".product\").should(\"have.length\", 4);\ncy.get(\"@productLocator\").find(\".product\").each(($el, index, $list) => {\n  const textVeg = $el.find(\"h4.product-name\").text();\n  if (textVeg.includes(\"Cashews\")) {\n    $el.find(\"button\").click();\n  }\n});\ncy.get(\"a.cart-icon\").click();\ncy.contains(\"PROCEED TO CHECKOUT\").click();\ncy.contains(\"Place Order\").click();",
              "err": {},
              "uuid": "6f7d5004-3488-4d1a-a679-bdb7fae799d2",
              "parentUUID": "a7dca2ae-7648-406f-b134-bd1b79cf0456",
              "isHook": false,
              "skipped": false
            }
          ],
          "suites": [],
          "passes": [
            "6f7d5004-3488-4d1a-a679-bdb7fae799d2"
          ],
          "failures": [],
          "pending": [],
          "skipped": [],
          "duration": 7463,
          "root": false,
          "rootEmpty": false,
          "_timeout": 2000
        }
      ],
      "passes": [],
      "failures": [],
      "pending": [],
      "skipped": [],
      "duration": 0,
      "root": true,
      "rootEmpty": true,
      "_timeout": 2000
    }
  ],
  "meta": {
    "mocha": {
      "version": "7.0.1"
    },
    "mochawesome": {
      "options": {
        "quiet": false,
        "reportFilename": "mochawesome",
        "saveHtml": false,
        "saveJson": true,
        "consoleReporter": "spec",
        "useInlineDiffs": false,
        "code": true
      },
      "version": "7.1.3"
    },
    "marge": {
      "options": {
        "overwrite": false,
        "html": false,
        "json": true,
        "reportDir": "cypress/reports/html/.jsons"
      },
      "version": "6.2.0"
    }
  }
}