{
  "stats": {
    "suites": 1,
    "tests": 1,
    "passes": 1,
    "pending": 0,
    "failures": 0,
    "start": "2025-04-26T13:46:43.030Z",
    "end": "2025-04-26T13:46:53.810Z",
    "duration": 10780,
    "testsRegistered": 1,
    "passPercent": 100,
    "pendingPercent": 0,
    "other": 0,
    "hasOther": false,
    "skipped": 0,
    "hasSkipped": false
  },
  "results": [
    {
      "uuid": "cb3a486d-7c45-46be-8489-619c776f7656",
      "title": "",
      "fullFile": "cypress/e2e/RahulShetty/Test7.cy.js",
      "file": "cypress/e2e/RahulShetty/Test7.cy.js",
      "beforeHooks": [],
      "afterHooks": [],
      "tests": [],
      "suites": [
        {
          "uuid": "58896130-b3b2-420e-9ff7-d20022c8107b",
          "title": "Frames",
          "fullFile": "",
          "file": "",
          "beforeHooks": [],
          "afterHooks": [],
          "tests": [
            {
              "title": "Frames",
              "fullTitle": "Frames Frames",
              "timedOut": null,
              "duration": 8365,
              "state": "passed",
              "speed": "medium",
              "pass": true,
              "fail": false,
              "pending": false,
              "context": null,
              "code": "cy.visit(\"https://rahulshettyacademy.com/AutomationPractice/\");\ncy.frameLoaded(\"#courses-iframe\");\ncy.iframe().find(\"a[href='mentorship']\").eq(0).click();\ncy.wait(3e3);\ncy.iframe().find(\"div[class='pricing-footer text-center col-lg-2']\").should(\"have.length\", 2);",
              "err": {},
              "uuid": "efd28c7d-fb1f-4128-8668-d3dcf2bfe799",
              "parentUUID": "58896130-b3b2-420e-9ff7-d20022c8107b",
              "isHook": false,
              "skipped": false
            }
          ],
          "suites": [],
          "passes": [
            "efd28c7d-fb1f-4128-8668-d3dcf2bfe799"
          ],
          "failures": [],
          "pending": [],
          "skipped": [],
          "duration": 8365,
          "root": false,
          "rootEmpty": false,
          "_timeout": 2000
        }
      ],
      "passes": [],
      "failures": [],
      "pending": [],
      "skipped": [],
      "duration": 0,
      "root": true,
      "rootEmpty": true,
      "_timeout": 2000
    }
  ],
  "meta": {
    "mocha": {
      "version": "7.0.1"
    },
    "mochawesome": {
      "options": {
        "quiet": false,
        "reportFilename": "mochawesome",
        "saveHtml": false,
        "saveJson": true,
        "consoleReporter": "spec",
        "useInlineDiffs": false,
        "code": true
      },
      "version": "7.1.3"
    },
    "marge": {
      "options": {
        "overwrite": false,
        "html": false,
        "json": true,
        "reportDir": "cypress/reports/html/.jsons"
      },
      "version": "6.2.0"
    }
  }
}