{
  "stats": {
    "suites": 1,
    "tests": 1,
    "passes": 1,
    "pending": 0,
    "failures": 0,
    "start": "2025-04-28T16:34:13.911Z",
    "end": "2025-04-28T16:34:21.323Z",
    "duration": 7412,
    "testsRegistered": 1,
    "passPercent": 100,
    "pendingPercent": 0,
    "other": 0,
    "hasOther": false,
    "skipped": 0,
    "hasSkipped": false
  },
  "results": [
    {
      "uuid": "3861911e-772e-4206-ade8-1e816ca32c82",
      "title": "",
      "fullFile": "cypress/e2e/RahulShetty/syllabus/Test4.cy.js",
      "file": "cypress/e2e/RahulShetty/syllabus/Test4.cy.js",
      "beforeHooks": [],
      "afterHooks": [],
      "tests": [],
      "suites": [
        {
          "uuid": "179e6348-813d-4e48-919d-27662ac26c9d",
          "title": "Tables",
          "fullFile": "",
          "file": "",
          "beforeHooks": [],
          "afterHooks": [],
          "tests": [
            {
              "title": "Web tables",
              "fullTitle": "Tables Web tables",
              "timedOut": null,
              "duration": 4758,
              "state": "passed",
              "speed": "fast",
              "pass": true,
              "fail": false,
              "pending": false,
              "context": null,
              "code": "cy.visit(\"https://rahulshettyacademy.com/AutomationPractice/\");\ncy.get(\"table[name='courses']>tbody>tr>td:nth-child(2)\").each(function ($row, index, $rows) {\n  var text = $row.text();\n  if (text.includes(\"Python\")) {\n    //Below command will try to jump on Price column when we find\n    //the intended row\n    cy.get(\"table[name='courses']>tbody>tr>td:nth-child(2)\").eq(index).next().then(function (price) {\n      var priceText = price.text();\n      expect(priceText).to.equal('25');\n    });\n  }\n});",
              "err": {},
              "uuid": "12b0f2af-3d52-4e73-86fa-4761d3267fb4",
              "parentUUID": "179e6348-813d-4e48-919d-27662ac26c9d",
              "isHook": false,
              "skipped": false
            }
          ],
          "suites": [],
          "passes": [
            "12b0f2af-3d52-4e73-86fa-4761d3267fb4"
          ],
          "failures": [],
          "pending": [],
          "skipped": [],
          "duration": 4758,
          "root": false,
          "rootEmpty": false,
          "_timeout": 2000
        }
      ],
      "passes": [],
      "failures": [],
      "pending": [],
      "skipped": [],
      "duration": 0,
      "root": true,
      "rootEmpty": true,
      "_timeout": 2000
    }
  ],
  "meta": {
    "mocha": {
      "version": "7.0.1"
    },
    "mochawesome": {
      "options": {
        "quiet": false,
        "reportFilename": "mochawesome",
        "saveHtml": false,
        "saveJson": true,
        "consoleReporter": "spec",
        "useInlineDiffs": false,
        "code": true
      },
      "version": "7.1.3"
    },
    "marge": {
      "options": {
        "overwrite": false,
        "html": false,
        "json": true,
        "reportDir": "cypress/reports/html/.jsons"
      },
      "version": "6.2.0"
    }
  }
}