{
  "stats": {
    "suites": 1,
    "tests": 1,
    "passes": 1,
    "pending": 0,
    "failures": 0,
    "start": "2025-04-07T23:29:02.183Z",
    "end": "2025-04-07T23:29:18.490Z",
    "duration": 16307,
    "testsRegistered": 1,
    "passPercent": 100,
    "pendingPercent": 0,
    "other": 0,
    "hasOther": false,
    "skipped": 0,
    "hasSkipped": false
  },
  "results": [
    {
      "uuid": "b58fa26a-36b5-4d59-9280-672040d9471a",
      "title": "",
      "fullFile": "cypress\\e2e\\RahulShetty\\Hooks.cy.js",
      "file": "cypress\\e2e\\RahulShetty\\Hooks.cy.js",
      "beforeHooks": [],
      "afterHooks": [],
      "tests": [],
      "suites": [
        {
          "uuid": "eda0b31d-c587-43a3-8da8-6667bb081b20",
          "title": "Hooks",
          "fullFile": "",
          "file": "",
          "beforeHooks": [],
          "afterHooks": [],
          "tests": [
            {
              "title": "Testing hooks",
              "fullTitle": "Hooks Testing hooks",
              "timedOut": null,
              "duration": 12825,
              "state": "passed",
              "speed": "slow",
              "pass": true,
              "fail": false,
              "pending": false,
              "context": null,
              "code": "cy.visit(Cypress.config('url')); //taking url from cypress.config.js file\n//With Page Object Modelling\nobj.getNameBox().type(testData.name);\nobj.getNameBox().should(\"have.attr\", \"minlength\", '2');\nobj.getNameBox().should(\"have.value\", testData.name);\nobj.getGenderOption().select(testData.gender);\nobj.getEmailBox().type(testData.email);\nobj.getPassword().type(testData.password);\nobj.getDisabledRadio().should(\"be.disabled\");\n/* Without using Page Object\ncy.get(\"input[name='name']:nth-child(2)\").should(\"have.attr\",\"minlength\",'2')\ncy.get(\"input[name='name']:nth-child(1)\").should(\"have.value\",testData.name)\ncy.get(\"select[class='form-control']\").select(testData.gender)\ncy.get(\"input[name='email']\").type(testData.email)\ncy.get(\"input[type='password']\").type(testData.password)\ncy.get(\"#inlineRadio3\").should(\"be.disabled\") */\ncy.get(\"app-navbar>div>nav>ul>li:nth-child(2)\").click();\n/* cy.get(\".card-title\").each(($title,index,$list)=>{\n       const phoneTitle=$title.text()\n     if(phoneTitle.includes('Blackberry')){\n         cy.get(\"button[class='btn btn-info']\").eq(index).click()\n     }\n }) */\n//cy.selectProduct('Samsung')\n//cy.get(\"a[class='nav-link btn btn-primary']\").click()\n//parameterizing test data\n//we saved our productname array inside phones variable\n//we iterated phone names from phones array with forEach loop\nlet phones = testData.productName;\nphones.forEach(phone => {\n  cy.selectProduct(phone);\n});\nobjProd.getCheckoutButton().click();\nvar sum = 0;\nobjProd.getPrice().each(($price, index, $prices) => {\n  let phonePrice = $price.text();\n  phonePrice = phonePrice.split(\" \");\n  // Remove everything except numbers (₹. and spaces get removed)\n  //phonePrice = phonePrice.replace(/\\D/g, \"\");\n  phonePrice = phonePrice[1].trim();\n  let intPhonePrice = Number(phonePrice);\n  sum = sum + intPhonePrice;\n  cy.log(phonePrice);\n}).then(() => {\n  cy.log(\"Sum of phone prices are $\" + sum + \" .\");\n});\nobjProd.getCalculatedPrice().then(calcPrice => {\n  let calculated = calcPrice.text().trim();\n  calculated = calculated.replace(/\\D/g, \"\");\n  let intCalculated = Number(calculated);\n  expect(intCalculated).to.equal(sum);\n});\nobjProd.getPayButton().click();\nobjProd.getCountryDropdown().type(\"Tur\");\ncy.wait(7000);\nobjProd.getSuggestion().click();\nobjProd.getAgreeCheckbox().check({\n  force: true\n});\nobjProd.getPurchaseButton().click();\nobjProd.getCongrats().then(string => {\n  const str = string.text();\n  expect(str.includes(\"Success\")).to.be.true;\n});",
              "err": {},
              "uuid": "35fb0ddb-e96b-44b3-8d7d-eb4ac637557c",
              "parentUUID": "eda0b31d-c587-43a3-8da8-6667bb081b20",
              "isHook": false,
              "skipped": false
            }
          ],
          "suites": [],
          "passes": [
            "35fb0ddb-e96b-44b3-8d7d-eb4ac637557c"
          ],
          "failures": [],
          "pending": [],
          "skipped": [],
          "duration": 12825,
          "root": false,
          "rootEmpty": false,
          "_timeout": 2000
        }
      ],
      "passes": [],
      "failures": [],
      "pending": [],
      "skipped": [],
      "duration": 0,
      "root": true,
      "rootEmpty": true,
      "_timeout": 2000
    }
  ],
  "meta": {
    "mocha": {
      "version": "7.0.1"
    },
    "mochawesome": {
      "options": {
        "quiet": false,
        "reportFilename": "mochawesome",
        "saveHtml": false,
        "saveJson": true,
        "consoleReporter": "spec",
        "useInlineDiffs": false,
        "code": true
      },
      "version": "7.1.3"
    },
    "marge": {
      "options": {
        "overwrite": false,
        "html": false,
        "json": true,
        "reportDir": "cypress\\reports\\html\\.jsons"
      },
      "version": "6.2.0"
    }
  }
}