{
  "stats": {
    "suites": 1,
    "tests": 1,
    "passes": 1,
    "pending": 0,
    "failures": 0,
    "start": "2025-04-28T16:34:23.110Z",
    "end": "2025-04-28T16:34:31.271Z",
    "duration": 8161,
    "testsRegistered": 1,
    "passPercent": 100,
    "pendingPercent": 0,
    "other": 0,
    "hasOther": false,
    "skipped": 0,
    "hasSkipped": false
  },
  "results": [
    {
      "uuid": "b177c37d-a4f7-4cba-98d8-3e0737353ad3",
      "title": "",
      "fullFile": "cypress/e2e/RahulShetty/syllabus/Test5.cy.js",
      "file": "cypress/e2e/RahulShetty/syllabus/Test5.cy.js",
      "beforeHooks": [],
      "afterHooks": [],
      "tests": [],
      "suites": [
        {
          "uuid": "b13ca6cc-00b2-41dc-b4e0-1190b428f58f",
          "title": "Tables",
          "fullFile": "",
          "file": "",
          "beforeHooks": [],
          "afterHooks": [],
          "tests": [
            {
              "title": "Mouse Events",
              "fullTitle": "Tables Mouse Events",
              "timedOut": null,
              "duration": 6095,
              "state": "passed",
              "speed": "medium",
              "pass": true,
              "fail": false,
              "pending": false,
              "context": null,
              "code": "cy.visit(\"https://rahulshettyacademy.com/AutomationPractice/\");\ncy.get(\".mouse-hover-content\").invoke('show');\ncy.contains(\"Top\").click();\ncy.url().should('include', \"top\");\n//handling invisible elements\ncy.contains(\"Reload\").click({\n  force: true\n}); // This will force to show hidden element",
              "err": {},
              "uuid": "4c308c6b-0dbc-4f35-a563-f7d423b4ee86",
              "parentUUID": "b13ca6cc-00b2-41dc-b4e0-1190b428f58f",
              "isHook": false,
              "skipped": false
            }
          ],
          "suites": [],
          "passes": [
            "4c308c6b-0dbc-4f35-a563-f7d423b4ee86"
          ],
          "failures": [],
          "pending": [],
          "skipped": [],
          "duration": 6095,
          "root": false,
          "rootEmpty": false,
          "_timeout": 2000
        }
      ],
      "passes": [],
      "failures": [],
      "pending": [],
      "skipped": [],
      "duration": 0,
      "root": true,
      "rootEmpty": true,
      "_timeout": 2000
    }
  ],
  "meta": {
    "mocha": {
      "version": "7.0.1"
    },
    "mochawesome": {
      "options": {
        "quiet": false,
        "reportFilename": "mochawesome",
        "saveHtml": false,
        "saveJson": true,
        "consoleReporter": "spec",
        "useInlineDiffs": false,
        "code": true
      },
      "version": "7.1.3"
    },
    "marge": {
      "options": {
        "overwrite": false,
        "html": false,
        "json": true,
        "reportDir": "cypress/reports/html/.jsons"
      },
      "version": "6.2.0"
    }
  }
}