{
  "stats": {
    "suites": 1,
    "tests": 1,
    "passes": 0,
    "pending": 7,
    "failures": -6,
    "start": "2025-04-26T13:46:13.664Z",
    "end": "2025-04-26T13:46:13.720Z",
    "duration": 56,
    "testsRegistered": 7,
    "passPercent": null,
    "pendingPercent": 100,
    "other": 6,
    "hasOther": true,
    "skipped": 0,
    "hasSkipped": false
  },
  "results": [
    {
      "uuid": "d5b039a1-6b54-4dbd-afee-e73b03205b38",
      "title": "",
      "fullFile": "cypress/e2e/RahulShetty/Test3.cy.js",
      "file": "cypress/e2e/RahulShetty/Test3.cy.js",
      "beforeHooks": [],
      "afterHooks": [],
      "tests": [],
      "suites": [
        {
          "uuid": "c3f1eaf1-141e-448e-a268-9fa8f89c81f3",
          "title": "Checkbox validations",
          "fullFile": "",
          "file": "",
          "beforeHooks": [],
          "afterHooks": [],
          "tests": [
            {
              "title": "Checkbox validations",
              "fullTitle": "Checkbox validations Checkbox validations",
              "timedOut": null,
              "duration": 0,
              "state": "pending",
              "speed": null,
              "pass": false,
              "fail": false,
              "pending": true,
              "context": null,
              "code": "cy.get(\"#checkBoxOption1\").check();\ncy.get(\"#checkBoxOption1\").should(\"be.checked\");\ncy.get(\"#checkBoxOption1\").should(\"have.value\", \"option1\");\ncy.get(\"#checkBoxOption1\").uncheck().should(\"not.be.checked\");\ncy.get(\"input[type='checkbox'\").check([\"option1\", \"option2\"]);",
              "err": {},
              "uuid": "d1cee1be-f02c-4046-8f68-da8c3e41247a",
              "parentUUID": "c3f1eaf1-141e-448e-a268-9fa8f89c81f3",
              "isHook": false,
              "skipped": false
            },
            {
              "title": "Static Dropdowns",
              "fullTitle": "Checkbox validations Static Dropdowns",
              "timedOut": null,
              "duration": 0,
              "state": "pending",
              "speed": null,
              "pass": false,
              "fail": false,
              "pending": true,
              "context": null,
              "code": "cy.visit(\"https://rahulshettyacademy.com/AutomationPractice/\");\ncy.get(\"select\").select(\"option2\").should(\"have.value\", \"option2\");",
              "err": {},
              "uuid": "4905a66e-6c44-490f-b740-94cb0caee78a",
              "parentUUID": "c3f1eaf1-141e-448e-a268-9fa8f89c81f3",
              "isHook": false,
              "skipped": false
            },
            {
              "title": "Dynamic Dropdowns",
              "fullTitle": "Checkbox validations Dynamic Dropdowns",
              "timedOut": null,
              "duration": 0,
              "state": "pending",
              "speed": null,
              "pass": false,
              "fail": false,
              "pending": true,
              "context": null,
              "code": "cy.visit(\"https://rahulshettyacademy.com/AutomationPractice/\");\ncy.get(\"#autocomplete\").type(\"ca\");\ncy.get(\".ui-menu-item div\").each(($el, index, $list) => {\n  if ($el.text() === \"Canada\") {\n    $el.click();\n  }\n});\ncy.get(\"#autocomplete\").should(\"have.value\", \"Canada\");",
              "err": {},
              "uuid": "8d9217d6-ee7d-40c1-934e-ee656b3daede",
              "parentUUID": "c3f1eaf1-141e-448e-a268-9fa8f89c81f3",
              "isHook": false,
              "skipped": false
            },
            {
              "title": "Visible and Invisible Elements",
              "fullTitle": "Checkbox validations Visible and Invisible Elements",
              "timedOut": null,
              "duration": 0,
              "state": "pending",
              "speed": null,
              "pass": false,
              "fail": false,
              "pending": true,
              "context": null,
              "code": "cy.visit(\"https://rahulshettyacademy.com/AutomationPractice/\");\ncy.get(\"#displayed-text\").then(($textbox) => {\n  if ($textbox.is(\":visible\")) {\n    cy.get(\"#hide-textbox\").click();\n  } else {\n    cy.get(\"#show-textbox\").click();\n  }\n});",
              "err": {},
              "uuid": "ffa130a5-c817-4c25-b92f-3307ff4d77eb",
              "parentUUID": "c3f1eaf1-141e-448e-a268-9fa8f89c81f3",
              "isHook": false,
              "skipped": false
            },
            {
              "title": "Radio Buttons",
              "fullTitle": "Checkbox validations Radio Buttons",
              "timedOut": null,
              "duration": 0,
              "state": "pending",
              "speed": null,
              "pass": false,
              "fail": false,
              "pending": true,
              "context": null,
              "code": "cy.visit(\"https://rahulshettyacademy.com/AutomationPractice/\");\ncy.get(\"[value='radio2']\").check().should(\"be.checked\");",
              "err": {},
              "uuid": "4b01216d-8201-4507-adac-9e97ebb26d0b",
              "parentUUID": "c3f1eaf1-141e-448e-a268-9fa8f89c81f3",
              "isHook": false,
              "skipped": false
            },
            {
              "title": "Alerts, and pop up windows",
              "fullTitle": "Checkbox validations Alerts, and pop up windows",
              "timedOut": null,
              "duration": 0,
              "state": "pending",
              "speed": null,
              "pass": false,
              "fail": false,
              "pending": true,
              "context": null,
              "code": "cy.visit(\"https://rahulshettyacademy.com/AutomationPractice/\");\ncy.get(\"#alertbtn\").click();\ncy.get(\"#confirmbtn\").click();\ncy.on(\"window:alert\", (string) => {\n  expect(string).to.equal(\"Hello , share this practice page and share your knowledge\");\n});\ncy.on(\"window:confirm\", (string) => {\n  expect(string).to.equal(\"Hello , Are you sure you want to confirm?\");\n});",
              "err": {},
              "uuid": "e7d725fe-32b5-4946-ae97-953bcd1fec3a",
              "parentUUID": "c3f1eaf1-141e-448e-a268-9fa8f89c81f3",
              "isHook": false,
              "skipped": false
            },
            {
              "title": "Child tab combinations",
              "fullTitle": "Checkbox validations Child tab combinations",
              "timedOut": null,
              "duration": 0,
              "state": "pending",
              "speed": null,
              "pass": false,
              "fail": false,
              "pending": true,
              "context": null,
              "code": "cy.visit(\"https://rahulshettyacademy.com/AutomationPractice/\");\ncy.get(\"#opentab\").invoke(\"removeAttr\", \"target\").click();\ncy.wait(3e3);\ncy.url().should(\"include\", \"qaclickacademy\");",
              "err": {},
              "uuid": "ef7c5fc0-ec97-4e4b-91e0-d39e0e703d0a",
              "parentUUID": "c3f1eaf1-141e-448e-a268-9fa8f89c81f3",
              "isHook": false,
              "skipped": false
            }
          ],
          "suites": [],
          "passes": [],
          "failures": [],
          "pending": [
            "d1cee1be-f02c-4046-8f68-da8c3e41247a",
            "4905a66e-6c44-490f-b740-94cb0caee78a",
            "8d9217d6-ee7d-40c1-934e-ee656b3daede",
            "ffa130a5-c817-4c25-b92f-3307ff4d77eb",
            "4b01216d-8201-4507-adac-9e97ebb26d0b",
            "e7d725fe-32b5-4946-ae97-953bcd1fec3a",
            "ef7c5fc0-ec97-4e4b-91e0-d39e0e703d0a"
          ],
          "skipped": [],
          "duration": 0,
          "root": false,
          "rootEmpty": false,
          "_timeout": 2000
        }
      ],
      "passes": [],
      "failures": [],
      "pending": [],
      "skipped": [],
      "duration": 0,
      "root": true,
      "rootEmpty": true,
      "_timeout": 2000
    }
  ],
  "meta": {
    "mocha": {
      "version": "7.0.1"
    },
    "mochawesome": {
      "options": {
        "quiet": false,
        "reportFilename": "mochawesome",
        "saveHtml": false,
        "saveJson": true,
        "consoleReporter": "spec",
        "useInlineDiffs": false,
        "code": true
      },
      "version": "7.1.3"
    },
    "marge": {
      "options": {
        "overwrite": false,
        "html": false,
        "json": true,
        "reportDir": "cypress/reports/html/.jsons"
      },
      "version": "6.2.0"
    }
  }
}