{
  "stats": {
    "suites": 1,
    "tests": 1,
    "passes": 0,
    "pending": 0,
    "failures": 1,
    "start": "2025-04-25T15:35:46.542Z",
    "end": "2025-04-25T15:36:22.001Z",
    "duration": 35459,
    "testsRegistered": 1,
    "passPercent": 0,
    "pendingPercent": 0,
    "other": 0,
    "hasOther": false,
    "skipped": 0,
    "hasSkipped": false
  },
  "results": [
    {
      "uuid": "a369dd0a-3ce4-43df-9670-79632a8e782d",
      "title": "",
      "fullFile": "cypress/e2e/personalProjects/BrowserNavigation.cy.js",
      "file": "cypress/e2e/personalProjects/BrowserNavigation.cy.js",
      "beforeHooks": [],
      "afterHooks": [],
      "tests": [],
      "suites": [
        {
          "uuid": "27d078fd-a514-471b-959f-3b16fbc80b7b",
          "title": "Browser navigation",
          "fullFile": "",
          "file": "",
          "beforeHooks": [],
          "afterHooks": [],
          "tests": [
            {
              "title": "Test-1",
              "fullTitle": "Browser navigation Test-1",
              "timedOut": null,
              "duration": 33198,
              "state": "failed",
              "speed": null,
              "pass": false,
              "fail": true,
              "pending": false,
              "context": "{\n  \"title\": \"cypress-mochawesome-reporter-screenshots\",\n  \"value\": [\n    [\n      \"/personalProjects/BrowserNavigation.cy.js/Browser navigation -- Test-1 (failed).png\"\n    ]\n  ]\n}",
              "code": "cy.visit(\"https://www.fanatik.com.tr/\");\ncy.wait(5e3);\ncy.get(\"div[class='team-list']>a[title='Fenerbah\\xE7e']\").invoke(\"removeAttr\", \"target\").click();\ncy.get(\"div[class='main__title'] h1\").should(\"have.text\", \"\\n                Fenerbah\\xE7e Haberleri\\n            \");\ncy.go(\"back\");\ncy.wait(5e3);\nlet title = cy.title();\ncy.log(title);\ncy.title().should(\"eq\", \"Spor Haberleri - Sporda Bug\\xFCn Son Dakika Haberler, G\\xFCn\\xFCn G\\xFCncel Spor Gazetesi\");",
              "err": {
                "message": "AssertionError: Timed out retrying after 4000ms: expected '<h1>' to have text '\\n                Fenerbahçe Haberleri\\n            ', but the text was '\\n                Fenerbahçe Haberleri\\n\\n            '",
                "estack": "AssertionError: Timed out retrying after 4000ms: expected '<h1>' to have text '\\n                Fenerbahçe Haberleri\\n            ', but the text was '\\n                Fenerbahçe Haberleri\\n\\n            '\n    at Context.eval (https://www.fanatik.com.tr/__cypress/tests?p=cypress/e2e/personalProjects/BrowserNavigation.cy.js:8:45)",
                "diff": "- '\\n                Fenerbahçe Haberleri\\n\\n            '\n+ '\\n                Fenerbahçe Haberleri\\n            '\n"
              },
              "uuid": "fe06ec0c-3bc3-438a-be6d-dc2885e2afa1",
              "parentUUID": "27d078fd-a514-471b-959f-3b16fbc80b7b",
              "isHook": false,
              "skipped": false
            }
          ],
          "suites": [],
          "passes": [],
          "failures": [
            "fe06ec0c-3bc3-438a-be6d-dc2885e2afa1"
          ],
          "pending": [],
          "skipped": [],
          "duration": 33198,
          "root": false,
          "rootEmpty": false,
          "_timeout": 2000
        }
      ],
      "passes": [],
      "failures": [],
      "pending": [],
      "skipped": [],
      "duration": 0,
      "root": true,
      "rootEmpty": true,
      "_timeout": 2000
    }
  ],
  "meta": {
    "mocha": {
      "version": "7.0.1"
    },
    "mochawesome": {
      "options": {
        "quiet": false,
        "reportFilename": "mochawesome",
        "saveHtml": false,
        "saveJson": true,
        "consoleReporter": "spec",
        "useInlineDiffs": false,
        "code": true
      },
      "version": "7.1.3"
    },
    "marge": {
      "options": {
        "overwrite": false,
        "html": false,
        "json": true,
        "reportDir": "cypress/reports/html/.jsons"
      },
      "version": "6.2.0"
    }
  }
}