{
  "stats": {
    "suites": 1,
    "tests": 1,
    "passes": 0,
    "pending": 0,
    "failures": 1,
    "start": "2025-04-23T21:32:39.180Z",
    "end": "2025-04-23T21:32:43.445Z",
    "duration": 4265,
    "testsRegistered": 1,
    "passPercent": 0,
    "pendingPercent": 0,
    "other": 0,
    "hasOther": false,
    "skipped": 0,
    "hasSkipped": false
  },
  "results": [
    {
      "uuid": "b4931ca7-3a13-44e1-a6ea-7a4577d17f2b",
      "title": "",
      "fullFile": "cypress\\e2e\\RahulShetty\\e2e_eCommerceSite\\eCommerce_Tests\\eCommerceTest.cy.js",
      "file": "cypress\\e2e\\RahulShetty\\e2e_eCommerceSite\\eCommerce_Tests\\eCommerceTest.cy.js",
      "beforeHooks": [],
      "afterHooks": [],
      "tests": [],
      "suites": [
        {
          "uuid": "5606137a-d1dd-4a4d-a1f1-3d488736b59e",
          "title": "End to end eCommerce Test",
          "fullFile": "",
          "file": "",
          "beforeHooks": [],
          "afterHooks": [],
          "tests": [
            {
              "title": "Submit Order",
              "fullTitle": "End to end eCommerce Test Submit Order",
              "timedOut": null,
              "duration": 4215,
              "state": "failed",
              "speed": null,
              "pass": false,
              "fail": true,
              "pending": false,
              "context": "{\n  \"title\": \"cypress-mochawesome-reporter-screenshots\",\n  \"value\": [\n    [\n      \"\\\\eCommerceTest.cy.js\\\\End to end eCommerce Test -- Submit Order (failed).png\"\n    ]\n  ]\n}",
              "code": "loginObj.getUserName().type(testData.username);\nloginObj.getPassword().type(testData.password);\nloginObj.getSignInButton().click();\ncy.wait(5e3);\nprodObj.getShopName().should(\"be.visible\");\nprodObj.getPhones().should(\"have.length\", \"4\");\nlet phones = testData.productName;\nphones.forEach((phone) => {\n  prodObj.getPhones().filter(`:contains(\"${phone}\")`).then(($element) => {\n    cy.wrap($element).should(\"have.length\", \"1\");\n    cy.wrap($element).contains(\"button\", \"Add\").click();\n  });\n});\nprodObj.getCheckoutButton().click();\nlet sum = 0;\nprodObj.getPrice().each(($price, index, $prices) => {\n  let phonePrice = $price.text();\n  phonePrice = phonePrice.replace(/\\D/g, \"\");\n  let intPhonePrice = Number(phonePrice);\n  sum = sum + intPhonePrice;\n});\ncy.log(sum).then(() => {\n  cy.log(\"Sum of phone prices are $\" + sum + \" .\");\n});\nprodObj.getCalculatedPrice().then(($autoCalculated) => {\n  let calcPrice = $autoCalculated.text();\n  calcPrice = calcPrice.replace(/\\D/g, \"\");\n  let intCalcPrice = Number(calcPrice);\n  expect(intCalcPrice).to.equal(sum);\n  expect(intCalcPrice).to.lessThan(2e5);\n});\nprodObj.getPayButton().click();\nprodObj.getCountryDropdown().type(\"Tur\");\ncy.wait(7e3);\nprodObj.getSuggestion().click();\nprodObj.getAgreeCheckbox().check({ force: true });\nprodObj.getPurchaseButton().click();\nprodObj.getCongrats().then((string) => {\n  const str = string.text();\n  expect(str.includes(\"Success\")).to.be.true;\n});",
              "err": {
                "message": "AssertionError: Timed out retrying after 4000ms: Expected to find element: `input[name='username']`, but never found it.",
                "estack": "AssertionError: Timed out retrying after 4000ms: Expected to find element: `input[name='username']`, but never found it.\n    at LoginPage.getUserName (http://localhost:52648/__cypress/tests?p=cypress\\e2e\\RahulShetty\\e2e_eCommerceSite\\eCommerce_Tests\\eCommerceTest.cy.js:5:17)\n    at Context.eval (http://localhost:52648/__cypress/tests?p=cypress\\e2e\\RahulShetty\\e2e_eCommerceSite\\eCommerce_Tests\\eCommerceTest.cy.js:86:16)",
                "diff": null
              },
              "uuid": "83a96922-8e45-40a2-87c2-8f66049726f6",
              "parentUUID": "5606137a-d1dd-4a4d-a1f1-3d488736b59e",
              "isHook": false,
              "skipped": false
            }
          ],
          "suites": [],
          "passes": [],
          "failures": [
            "83a96922-8e45-40a2-87c2-8f66049726f6"
          ],
          "pending": [],
          "skipped": [],
          "duration": 4215,
          "root": false,
          "rootEmpty": false,
          "_timeout": 2000
        }
      ],
      "passes": [],
      "failures": [],
      "pending": [],
      "skipped": [],
      "duration": 0,
      "root": true,
      "rootEmpty": true,
      "_timeout": 2000
    }
  ],
  "meta": {
    "mocha": {
      "version": "7.0.1"
    },
    "mochawesome": {
      "options": {
        "quiet": false,
        "reportFilename": "mochawesome",
        "saveHtml": false,
        "saveJson": true,
        "consoleReporter": "spec",
        "useInlineDiffs": false,
        "code": true
      },
      "version": "7.1.3"
    },
    "marge": {
      "options": {
        "overwrite": false,
        "html": false,
        "json": true,
        "reportDir": "cypress\\reports\\html\\.jsons"
      },
      "version": "6.2.0"
    }
  }
}