{
  "stats": {
    "suites": 1,
    "tests": 1,
    "passes": 0,
    "pending": 0,
    "failures": 1,
    "start": "2025-04-25T15:33:53.381Z",
    "end": "2025-04-25T15:34:05.100Z",
    "duration": 11719,
    "testsRegistered": 1,
    "passPercent": 0,
    "pendingPercent": 0,
    "other": 0,
    "hasOther": false,
    "skipped": 0,
    "hasSkipped": false
  },
  "results": [
    {
      "uuid": "e5a8fc94-b8da-4c12-a1b0-c0f8fa9fd747",
      "title": "",
      "fullFile": "cypress/e2e/RahulShetty/Test1.cy.js",
      "file": "cypress/e2e/RahulShetty/Test1.cy.js",
      "beforeHooks": [],
      "afterHooks": [],
      "tests": [],
      "suites": [
        {
          "uuid": "0cd33d13-bc6d-4992-b726-d4d155548bea",
          "title": "My First Test Suite",
          "fullFile": "",
          "file": "",
          "beforeHooks": [],
          "afterHooks": [],
          "tests": [
            {
              "title": "My First test Case",
              "fullTitle": "My First Test Suite My First test Case",
              "timedOut": null,
              "duration": 9418,
              "state": "failed",
              "speed": null,
              "pass": false,
              "fail": true,
              "pending": false,
              "context": "{\n  \"title\": \"cypress-mochawesome-reporter-screenshots\",\n  \"value\": [\n    [\n      \"/RahulShetty/Test1.cy.js/My First Test Suite -- My First test Case (failed).png\"\n    ]\n  ]\n}",
              "code": "cy.visit(Cypress.config(\"url\"));\ncy.wait(2e3);\ncy.get(\"input[type='search']\").type(\"ca\");\ncy.get(\".product:visible\").should(\"have.length\", 4);\ncy.get(\".products\").as(\"productLocator\");\ncy.get(\"@productLocator\").find(\".product\").should(\"have.length\", 4);\ncy.get(\"@productLocator\").find(\".product\").eq(2).contains(\"ADD TO CART\").click();\ncy.get(\"@productLocator\").find(\".product\").each(($el, index, $list) => {\n  const textVeg = $el.find(\"h4.product-name\").text();\n  if (textVeg.includes(\"Cashews\")) {\n    $el.find(\"button\").click();\n  }\n});\ncy.get(\".brand\").then((logoElement) => {\n  cy.log(logoElement.text());\n});\ncy.get(\".brand\").should(\"have.text\", \"GREENKART\");",
              "err": {
                "message": "AssertionError: Timed out retrying after 4000ms: Expected to find element: `input[type='search']`, but never found it.",
                "estack": "AssertionError: Timed out retrying after 4000ms: Expected to find element: `input[type='search']`, but never found it.\n    at Context.eval (https://rahulshettyacademy.com/__cypress/tests?p=cypress/e2e/RahulShetty/Test1.cy.js:7:10)",
                "diff": null
              },
              "uuid": "06bbb7dd-b454-4f03-838c-ee19a5807f54",
              "parentUUID": "0cd33d13-bc6d-4992-b726-d4d155548bea",
              "isHook": false,
              "skipped": false
            }
          ],
          "suites": [],
          "passes": [],
          "failures": [
            "06bbb7dd-b454-4f03-838c-ee19a5807f54"
          ],
          "pending": [],
          "skipped": [],
          "duration": 9418,
          "root": false,
          "rootEmpty": false,
          "_timeout": 2000
        }
      ],
      "passes": [],
      "failures": [],
      "pending": [],
      "skipped": [],
      "duration": 0,
      "root": true,
      "rootEmpty": true,
      "_timeout": 2000
    }
  ],
  "meta": {
    "mocha": {
      "version": "7.0.1"
    },
    "mochawesome": {
      "options": {
        "quiet": false,
        "reportFilename": "mochawesome",
        "saveHtml": false,
        "saveJson": true,
        "consoleReporter": "spec",
        "useInlineDiffs": false,
        "code": true
      },
      "version": "7.1.3"
    },
    "marge": {
      "options": {
        "overwrite": false,
        "html": false,
        "json": true,
        "reportDir": "cypress/reports/html/.jsons"
      },
      "version": "6.2.0"
    }
  }
}