{
  "stats": {
    "suites": 1,
    "tests": 1,
    "passes": 1,
    "pending": 0,
    "failures": 0,
    "start": "2025-04-28T16:33:59.680Z",
    "end": "2025-04-28T16:34:09.448Z",
    "duration": 9768,
    "testsRegistered": 1,
    "passPercent": 100,
    "pendingPercent": 0,
    "other": 0,
    "hasOther": false,
    "skipped": 0,
    "hasSkipped": false
  },
  "results": [
    {
      "uuid": "ac770321-432f-40e4-9a14-7731498c1dd2",
      "title": "",
      "fullFile": "cypress/e2e/RahulShetty/syllabus/Test2.cy.js",
      "file": "cypress/e2e/RahulShetty/syllabus/Test2.cy.js",
      "beforeHooks": [],
      "afterHooks": [],
      "tests": [],
      "suites": [
        {
          "uuid": "b8ab1b7f-b42f-411a-b58a-c3b0d16432aa",
          "title": "My First Test Suite",
          "fullFile": "",
          "file": "",
          "beforeHooks": [],
          "afterHooks": [],
          "tests": [
            {
              "title": "My First test Case",
              "fullTitle": "My First Test Suite My First test Case",
              "timedOut": null,
              "duration": 7415,
              "state": "passed",
              "speed": "medium",
              "pass": true,
              "fail": false,
              "pending": false,
              "context": null,
              "code": "cy.visit(\"https://rahulshettyacademy.com/seleniumPractise/#/\");\ncy.wait(2000);\ncy.get(\"input[type='search']\").type(\"ca\");\n//cy.get(\".product\").should(\"be.visible\",4)\n// Parent child chaining\ncy.get(\".products\").as('productLocator'); // if we use alias we dont need to declare the element each an every time\ncy.get(\"@productLocator\").find(\".product\").should(\"have.length\", 4);\ncy.get(\"@productLocator\").find('.product').each(function ($el, index, $list) {\n  //iterating inside a web element with \"each\"\n  var textVeg = $el.find(\"h4.product-name\").text();\n  if (textVeg.includes(\"Cashews\")) {\n    $el.find('button').click();\n  }\n});\ncy.get(\"a.cart-icon\").click();\ncy.contains('PROCEED TO CHECKOUT').click();\ncy.contains('Place Order').click();",
              "err": {},
              "uuid": "e82fa0a1-774f-4e5e-93d3-07fbbd79508e",
              "parentUUID": "b8ab1b7f-b42f-411a-b58a-c3b0d16432aa",
              "isHook": false,
              "skipped": false
            }
          ],
          "suites": [],
          "passes": [
            "e82fa0a1-774f-4e5e-93d3-07fbbd79508e"
          ],
          "failures": [],
          "pending": [],
          "skipped": [],
          "duration": 7415,
          "root": false,
          "rootEmpty": false,
          "_timeout": 2000
        }
      ],
      "passes": [],
      "failures": [],
      "pending": [],
      "skipped": [],
      "duration": 0,
      "root": true,
      "rootEmpty": true,
      "_timeout": 2000
    }
  ],
  "meta": {
    "mocha": {
      "version": "7.0.1"
    },
    "mochawesome": {
      "options": {
        "quiet": false,
        "reportFilename": "mochawesome",
        "saveHtml": false,
        "saveJson": true,
        "consoleReporter": "spec",
        "useInlineDiffs": false,
        "code": true
      },
      "version": "7.1.3"
    },
    "marge": {
      "options": {
        "overwrite": false,
        "html": false,
        "json": true,
        "reportDir": "cypress/reports/html/.jsons"
      },
      "version": "6.2.0"
    }
  }
}