{
  "stats": {
    "suites": 1,
    "tests": 1,
    "passes": 1,
    "pending": 0,
    "failures": 0,
    "start": "2025-04-25T15:33:33.782Z",
    "end": "2025-04-25T15:33:50.134Z",
    "duration": 16352,
    "testsRegistered": 1,
    "passPercent": 100,
    "pendingPercent": 0,
    "other": 0,
    "hasOther": false,
    "skipped": 0,
    "hasSkipped": false
  },
  "results": [
    {
      "uuid": "402ddb71-5523-4f64-ab0d-2360eecf9447",
      "title": "",
      "fullFile": "cypress/e2e/RahulShetty/Hooks.cy.js",
      "file": "cypress/e2e/RahulShetty/Hooks.cy.js",
      "beforeHooks": [],
      "afterHooks": [],
      "tests": [],
      "suites": [
        {
          "uuid": "e0952f15-c621-4f86-9d8b-2d308faf2733",
          "title": "Hooks",
          "fullFile": "",
          "file": "",
          "beforeHooks": [],
          "afterHooks": [],
          "tests": [
            {
              "title": "Testing hooks",
              "fullTitle": "Hooks Testing hooks",
              "timedOut": null,
              "duration": 13549,
              "state": "passed",
              "speed": "slow",
              "pass": true,
              "fail": false,
              "pending": false,
              "context": null,
              "code": "obj.goTo();\nobj.getNameBox().type(testData.name);\nobj.getNameBox().should(\"have.attr\", \"minlength\", \"2\");\nobj.getNameBox().should(\"have.value\", testData.name);\nobj.getGenderOption().select(testData.gender);\nobj.getEmailBox().type(testData.email);\nobj.getPassword().type(testData.password);\nobj.getDisabledRadio().should(\"be.disabled\");\ncy.get(\"app-navbar>div>nav>ul>li:nth-child(2)\").click();\nlet phones = testData.productName;\nphones.forEach((phone) => {\n  cy.selectProduct(phone);\n});\nobjProd.getCheckoutButton().click();\nvar sum = 0;\nobjProd.getPrice().each(($price, index, $prices) => {\n  let phonePrice = $price.text();\n  phonePrice = phonePrice.split(\" \");\n  phonePrice = phonePrice[1].trim();\n  let intPhonePrice = Number(phonePrice);\n  sum = sum + intPhonePrice;\n  cy.log(phonePrice);\n}).then(() => {\n  cy.log(\"Sum of phone prices are $\" + sum + \" .\");\n});\nobjProd.getCalculatedPrice().then((calcPrice) => {\n  let calculated = calcPrice.text().trim();\n  calculated = calculated.replace(/\\D/g, \"\");\n  let intCalculated = Number(calculated);\n  expect(intCalculated).to.equal(sum);\n});\nobjProd.getPayButton().click();\nobjProd.getCountryDropdown().type(\"Tur\");\ncy.wait(7e3);\nobjProd.getSuggestion().click();\nobjProd.getAgreeCheckbox().check({ force: true });\nobjProd.getPurchaseButton().click();\nobjProd.getCongrats().then((string) => {\n  const str = string.text();\n  expect(str.includes(\"Success\")).to.be.true;\n});",
              "err": {},
              "uuid": "0ae1e146-461b-44c9-b713-6ac46fc9905e",
              "parentUUID": "e0952f15-c621-4f86-9d8b-2d308faf2733",
              "isHook": false,
              "skipped": false
            }
          ],
          "suites": [],
          "passes": [
            "0ae1e146-461b-44c9-b713-6ac46fc9905e"
          ],
          "failures": [],
          "pending": [],
          "skipped": [],
          "duration": 13549,
          "root": false,
          "rootEmpty": false,
          "_timeout": 2000
        }
      ],
      "passes": [],
      "failures": [],
      "pending": [],
      "skipped": [],
      "duration": 0,
      "root": true,
      "rootEmpty": true,
      "_timeout": 2000
    }
  ],
  "meta": {
    "mocha": {
      "version": "7.0.1"
    },
    "mochawesome": {
      "options": {
        "quiet": false,
        "reportFilename": "mochawesome",
        "saveHtml": false,
        "saveJson": true,
        "consoleReporter": "spec",
        "useInlineDiffs": false,
        "code": true
      },
      "version": "7.1.3"
    },
    "marge": {
      "options": {
        "overwrite": false,
        "html": false,
        "json": true,
        "reportDir": "cypress/reports/html/.jsons"
      },
      "version": "6.2.0"
    }
  }
}